2025-06-03 11:05:53 - ai_tools_manager - INFO - 设置已加载
2025-06-03 11:09:20 - ai_tools_manager - INFO - 设置已加载
2025-06-03 11:11:31 - ai_tools_manager - INFO - 设置已加载
2025-06-03 11:19:14 - ai_tools_manager - INFO - 设置已加载
2025-06-03 11:24:59 - ai_tools_manager - INFO - 设置已加载
2025-06-03 11:34:19 - ai_tools_manager - INFO - 设置已加载
2025-06-03 11:41:44 - ai_tools_manager - INFO - 开始生成账号信息
2025-06-03 11:41:44 - ai_tools_manager - DEBUG - 生成用户名: cursor994
2025-06-03 11:41:44 - ai_tools_manager - DEBUG - 生成邮箱: cursor9942104@mohmal.com
2025-06-03 11:41:44 - ai_tools_manager - DEBUG - 生成密码: ************ (长度: 12)
2025-06-03 11:41:44 - ai_tools_manager - DEBUG - 生成PIN: 4927
2025-06-03 11:41:44 - ai_tools_manager - INFO - 账号生成成功: cursor9942104@mohmal.com
2025-06-03 11:41:44 - ai_tools_manager - INFO - 开始生成账号信息
2025-06-03 11:41:44 - ai_tools_manager - DEBUG - 生成用户名: cursor928
2025-06-03 11:41:44 - ai_tools_manager - DEBUG - 生成邮箱: cursor9282104@throwaway.email
2025-06-03 11:41:44 - ai_tools_manager - DEBUG - 生成密码: ************ (长度: 12)
2025-06-03 11:41:44 - ai_tools_manager - DEBUG - 生成PIN: 8618
2025-06-03 11:41:44 - ai_tools_manager - INFO - 账号生成成功: cursor9282104@throwaway.email
2025-06-03 11:41:44 - ai_tools_manager - INFO - 开始生成账号信息
2025-06-03 11:41:44 - ai_tools_manager - DEBUG - 生成用户名: cursor566
2025-06-03 11:41:44 - ai_tools_manager - DEBUG - 生成邮箱: cursor5662104@10minutemail.com
2025-06-03 11:41:44 - ai_tools_manager - DEBUG - 生成密码: ************ (长度: 12)
2025-06-03 11:41:44 - ai_tools_manager - DEBUG - 生成PIN: 9884
2025-06-03 11:41:44 - ai_tools_manager - INFO - 账号生成成功: cursor5662104@10minutemail.com
2025-06-03 11:41:44 - ai_tools_manager - INFO - 开始批量生成 5 个账号
2025-06-03 11:41:44 - ai_tools_manager - INFO - 开始生成账号信息
2025-06-03 11:41:44 - ai_tools_manager - DEBUG - 生成用户名: cursor_test001340
2025-06-03 11:41:44 - ai_tools_manager - DEBUG - 生成邮箱: cursor_test0013402104@10minutemail.com
2025-06-03 11:41:44 - ai_tools_manager - DEBUG - 生成密码: ************ (长度: 12)
2025-06-03 11:41:44 - ai_tools_manager - DEBUG - 生成PIN: 1189
2025-06-03 11:41:44 - ai_tools_manager - INFO - 账号生成成功: cursor_test0013402104@10minutemail.com
2025-06-03 11:41:44 - ai_tools_manager - INFO - 开始生成账号信息
2025-06-03 11:41:44 - ai_tools_manager - DEBUG - 生成用户名: cursor_test002220
2025-06-03 11:41:44 - ai_tools_manager - DEBUG - 生成邮箱: cursor_test0022202104@10minutemail.com
2025-06-03 11:41:44 - ai_tools_manager - DEBUG - 生成密码: ************ (长度: 12)
2025-06-03 11:41:44 - ai_tools_manager - DEBUG - 生成PIN: 4792
2025-06-03 11:41:44 - ai_tools_manager - INFO - 账号生成成功: cursor_test0022202104@10minutemail.com
2025-06-03 11:41:44 - ai_tools_manager - INFO - 开始生成账号信息
2025-06-03 11:41:44 - ai_tools_manager - DEBUG - 生成用户名: cursor_test003779
2025-06-03 11:41:44 - ai_tools_manager - DEBUG - 生成邮箱: cursor_test0037792104@10minutemail.com
2025-06-03 11:41:44 - ai_tools_manager - DEBUG - 生成密码: ************ (长度: 12)
2025-06-03 11:41:44 - ai_tools_manager - DEBUG - 生成PIN: 9389
2025-06-03 11:41:44 - ai_tools_manager - INFO - 账号生成成功: cursor_test0037792104@10minutemail.com
2025-06-03 11:41:44 - ai_tools_manager - INFO - 开始生成账号信息
2025-06-03 11:41:44 - ai_tools_manager - DEBUG - 生成用户名: cursor_test004872
2025-06-03 11:41:44 - ai_tools_manager - DEBUG - 生成邮箱: cursor_test0048722104@10minutemail.com
2025-06-03 11:41:44 - ai_tools_manager - DEBUG - 生成密码: ************ (长度: 12)
2025-06-03 11:41:44 - ai_tools_manager - DEBUG - 生成PIN: 3935
2025-06-03 11:41:44 - ai_tools_manager - INFO - 账号生成成功: cursor_test0048722104@10minutemail.com
2025-06-03 11:41:44 - ai_tools_manager - INFO - 开始生成账号信息
2025-06-03 11:41:44 - ai_tools_manager - DEBUG - 生成用户名: cursor_test005336
2025-06-03 11:41:44 - ai_tools_manager - DEBUG - 生成邮箱: cursor_test0053362104@10minutemail.com
2025-06-03 11:41:44 - ai_tools_manager - DEBUG - 生成密码: ************ (长度: 12)
2025-06-03 11:41:44 - ai_tools_manager - DEBUG - 生成PIN: 9589
2025-06-03 11:41:44 - ai_tools_manager - INFO - 账号生成成功: cursor_test0053362104@10minutemail.com
2025-06-03 11:41:44 - ai_tools_manager - INFO - 批量生成完成: 5/5
2025-06-03 11:41:44 - ai_tools_manager - INFO - 账号信息已导出: test_cursor_accounts.txt
2025-06-03 11:41:44 - ai_tools_manager - INFO - 添加自定义域名: test-email.com
2025-06-03 11:41:44 - ai_tools_manager - DEBUG - 生成密码: ******** (长度: 8)
2025-06-03 11:41:44 - ai_tools_manager - DEBUG - 生成密码: ************ (长度: 12)
2025-06-03 11:41:44 - ai_tools_manager - DEBUG - 生成密码: **************** (长度: 16)
2025-06-03 11:41:44 - ai_tools_manager - DEBUG - 生成密码: ******************** (长度: 20)
2025-06-03 11:41:55 - ai_tools_manager - INFO - 开始生成账号信息
2025-06-03 11:41:55 - ai_tools_manager - DEBUG - 生成用户名: cursor790
2025-06-03 11:41:55 - ai_tools_manager - DEBUG - 生成邮箱: cursor7902115@throwaway.email
2025-06-03 11:41:55 - ai_tools_manager - DEBUG - 生成密码: ************ (长度: 12)
2025-06-03 11:41:55 - ai_tools_manager - DEBUG - 生成PIN: 9436
2025-06-03 11:41:55 - ai_tools_manager - INFO - 账号生成成功: cursor7902115@throwaway.email
2025-06-03 11:41:55 - ai_tools_manager - INFO - 开始生成账号信息
2025-06-03 11:41:55 - ai_tools_manager - DEBUG - 生成用户名: cursor373
2025-06-03 11:41:55 - ai_tools_manager - DEBUG - 生成邮箱: cursor3732115@sharklasers.com
2025-06-03 11:41:55 - ai_tools_manager - DEBUG - 生成密码: ************ (长度: 12)
2025-06-03 11:41:55 - ai_tools_manager - DEBUG - 生成PIN: 5913
2025-06-03 11:41:55 - ai_tools_manager - INFO - 账号生成成功: cursor3732115@sharklasers.com
2025-06-03 11:41:55 - ai_tools_manager - INFO - 开始生成账号信息
2025-06-03 11:41:55 - ai_tools_manager - DEBUG - 生成用户名: cursor719
2025-06-03 11:41:55 - ai_tools_manager - DEBUG - 生成邮箱: cursor7192115@10minutemail.com
2025-06-03 11:41:55 - ai_tools_manager - DEBUG - 生成密码: ************ (长度: 12)
2025-06-03 11:41:55 - ai_tools_manager - DEBUG - 生成PIN: 5255
2025-06-03 11:41:55 - ai_tools_manager - INFO - 账号生成成功: cursor7192115@10minutemail.com
2025-06-03 11:41:55 - ai_tools_manager - INFO - 开始批量生成 5 个账号
2025-06-03 11:41:55 - ai_tools_manager - INFO - 开始生成账号信息
2025-06-03 11:41:55 - ai_tools_manager - DEBUG - 生成用户名: cursor_test001206
2025-06-03 11:41:55 - ai_tools_manager - DEBUG - 生成邮箱: cursor_test0012062115@10minutemail.com
2025-06-03 11:41:55 - ai_tools_manager - DEBUG - 生成密码: ************ (长度: 12)
2025-06-03 11:41:55 - ai_tools_manager - DEBUG - 生成PIN: 4124
2025-06-03 11:41:55 - ai_tools_manager - INFO - 账号生成成功: cursor_test0012062115@10minutemail.com
2025-06-03 11:41:55 - ai_tools_manager - INFO - 开始生成账号信息
2025-06-03 11:41:55 - ai_tools_manager - DEBUG - 生成用户名: cursor_test002136
2025-06-03 11:41:55 - ai_tools_manager - DEBUG - 生成邮箱: cursor_test0021362115@10minutemail.com
2025-06-03 11:41:55 - ai_tools_manager - DEBUG - 生成密码: ************ (长度: 12)
2025-06-03 11:41:55 - ai_tools_manager - DEBUG - 生成PIN: 9748
2025-06-03 11:41:55 - ai_tools_manager - INFO - 账号生成成功: cursor_test0021362115@10minutemail.com
2025-06-03 11:41:56 - ai_tools_manager - INFO - 开始生成账号信息
2025-06-03 11:41:56 - ai_tools_manager - DEBUG - 生成用户名: cursor_test003312
2025-06-03 11:41:56 - ai_tools_manager - DEBUG - 生成邮箱: cursor_test0033122116@10minutemail.com
2025-06-03 11:41:56 - ai_tools_manager - DEBUG - 生成密码: ************ (长度: 12)
2025-06-03 11:41:56 - ai_tools_manager - DEBUG - 生成PIN: 1396
2025-06-03 11:41:56 - ai_tools_manager - INFO - 账号生成成功: cursor_test0033122116@10minutemail.com
2025-06-03 11:41:56 - ai_tools_manager - INFO - 开始生成账号信息
2025-06-03 11:41:56 - ai_tools_manager - DEBUG - 生成用户名: cursor_test004260
2025-06-03 11:41:56 - ai_tools_manager - DEBUG - 生成邮箱: cursor_test0042602116@10minutemail.com
2025-06-03 11:41:56 - ai_tools_manager - DEBUG - 生成密码: ************ (长度: 12)
2025-06-03 11:41:56 - ai_tools_manager - DEBUG - 生成PIN: 3850
2025-06-03 11:41:56 - ai_tools_manager - INFO - 账号生成成功: cursor_test0042602116@10minutemail.com
2025-06-03 11:41:56 - ai_tools_manager - INFO - 开始生成账号信息
2025-06-03 11:41:56 - ai_tools_manager - DEBUG - 生成用户名: cursor_test005285
2025-06-03 11:41:56 - ai_tools_manager - DEBUG - 生成邮箱: cursor_test0052852116@10minutemail.com
2025-06-03 11:41:56 - ai_tools_manager - DEBUG - 生成密码: ************ (长度: 12)
2025-06-03 11:41:56 - ai_tools_manager - DEBUG - 生成PIN: 9099
2025-06-03 11:41:56 - ai_tools_manager - INFO - 账号生成成功: cursor_test0052852116@10minutemail.com
2025-06-03 11:41:56 - ai_tools_manager - INFO - 批量生成完成: 5/5
2025-06-03 11:41:56 - ai_tools_manager - INFO - 账号信息已导出: test_cursor_accounts.txt
2025-06-03 11:41:56 - ai_tools_manager - INFO - 添加自定义域名: test-email.com
2025-06-03 11:41:56 - ai_tools_manager - DEBUG - 生成密码: ******** (长度: 8)
2025-06-03 11:41:56 - ai_tools_manager - DEBUG - 生成密码: ************ (长度: 12)
2025-06-03 11:41:56 - ai_tools_manager - DEBUG - 生成密码: **************** (长度: 16)
2025-06-03 11:41:56 - ai_tools_manager - DEBUG - 生成密码: ******************** (长度: 20)
2025-06-03 11:42:35 - ai_tools_manager - INFO - 开始生成账号信息
2025-06-03 11:42:35 - ai_tools_manager - DEBUG - 生成用户名: cursor640
2025-06-03 11:42:35 - ai_tools_manager - DEBUG - 生成邮箱: cursor6402155@yopmail.com
2025-06-03 11:42:35 - ai_tools_manager - DEBUG - 生成密码: ************ (长度: 12)
2025-06-03 11:42:35 - ai_tools_manager - DEBUG - 生成PIN: 1847
2025-06-03 11:42:35 - ai_tools_manager - INFO - 账号生成成功: cursor6402155@yopmail.com
2025-06-03 11:42:57 - ai_tools_manager - INFO - 设置已加载
2025-06-03 11:47:57 - ai_tools_manager - INFO - 设置已加载
2025-06-03 11:53:14 - ai_tools_manager - INFO - 开始生成账号信息
2025-06-03 11:53:14 - ai_tools_manager - DEBUG - 生成用户名: cursor927
2025-06-03 11:53:14 - ai_tools_manager - DEBUG - 生成邮箱: cursor9272794@hjj0185.email
2025-06-03 11:53:14 - ai_tools_manager - DEBUG - 生成密码: ************ (长度: 12)
2025-06-03 11:53:14 - ai_tools_manager - DEBUG - 生成PIN: 0104
2025-06-03 11:53:14 - ai_tools_manager - INFO - 账号生成成功: cursor9272794@hjj0185.email
